<?xml version="1.0" encoding="UTF-8"?>
<!-- Generated by org.testng.reporters.JUnitXMLReporter -->
<testsuite ignored="3" hostname="vivekRanjan" failures="0" tests="6" name="Smoke" time="19.991" errors="0" timestamp="2025-08-19T23:35:20 IST">
  <testcase classname="tests.AuthTests" name="login_shouldReturnToken" time="6.205"/>
  <testcase classname="tests.ProductTests" name="getAllProducts_shouldReturnList_andMatchSchema" time="2.598"/>
  <testcase classname="tests.ProductTests" name="getProductById_shouldReturnSingle_andMatchSchema" time="3.347"/>
  <testcase classname="tests.CartTests" name="createCart_shouldSucceed_andMatchSchema" time="1.235"/>
  <testcase classname="tests.CartTests" name="getCartById_shouldReturnCart" time="1.582"/>
  <testcase classname="tests.EndToEndFlowTest" name="userBrowsesProduct_addsToCart_placesCart" time="4.932"/>
  <testcase classname="base.BaseAPI" name="@BeforeSuite setUpSuite" time="0.0">
    <ignored/>
  </testcase> <!-- @BeforeSuite setUpSuite -->
  <testcase classname="base.BaseAPI" name="@BeforeSuite setUpSuite" time="0.0">
    <ignored/>
  </testcase> <!-- @BeforeSuite setUpSuite -->
  <testcase classname="base.BaseAPI" name="@BeforeSuite setUpSuite" time="0.0">
    <ignored/>
  </testcase> <!-- @BeforeSuite setUpSuite -->
</testsuite> <!-- Smoke -->
